<?xml version="1.0" encoding="UTF-8" standalone="no"?>
<!DOCTYPE log SYSTEM "logger.dtd">
<log>
<record>
  <date>2018-10-20T00:56:55.314-0300</date>
  <logger>GILMAR GONZAGA DA SILVA</logger>
  <level>FINE</level>
  <message>File 117210921-GILMAR GONZAGA DA SILVA.zip was received. It was sent by GILMAR GONZAGA DA SILVA from IP 192.168.51.104</message>
</record>
</log>
<?xml version="1.0" encoding="UTF-8" standalone="no"?>
<!DOCTYPE log SYSTEM "logger.dtd">
<log>
<record>
  <date>2018-10-20T12:01:46.846-0300</date>
  <logger>GILMAR GONZAGA DA SILVA</logger>
  <level>FINE</level>
  <message>File 117210921-GILMAR GONZAGA DA SILVA.zip was received. It was sent by GILMAR GONZAGA DA SILVA from IP 192.168.51.104</message>
</record>
</log>
<?xml version="1.0" encoding="UTF-8" standalone="no"?>
<!DOCTYPE log SYSTEM "logger.dtd">
<log>
<record>
  <date>2018-10-20T13:15:30.565-0300</date>
  <logger>GILMAR GONZAGA DA SILVA</logger>
  <level>FINE</level>
  <message>File 117210921-GILMAR GONZAGA DA SILVA.zip was received. It was sent by GILMAR GONZAGA DA SILVA from IP 192.168.51.104</message>
</record>
